<?xml version="1.0" encoding="UTF-8"?>
<!-- Generated by org.testng.reporters.JUnitReportReporter -->
<testsuite hostname="51-C04-026" name="com.example.FormTest" tests="4" failures="0" timestamp="13 Jan 2018 03:30:40 GMT" time="0.785" errors="0">
  <testcase name="doGet" time="0.018" classname="com.example.FormTest"/>
  <testcase name="doGet" time="0.018" classname="com.example.FormTest"/>
  <testcase name="doGet" time="0.728" classname="com.example.FormTest"/>
  <testcase name="doGet" time="0.021" classname="com.example.FormTest"/>
</testsuite> <!-- com.example.FormTest -->
